=========================
      NVIDIA CUDA-Q      
=========================

Version: cu11-latest

Copyright (c) 2025 NVIDIA Corporation & Affiliates 
All rights reserved.

To run a command as administrator (user `root`), use `sudo <command>`.

=========================
      NVIDIA CUDA-Q      
=========================

Version: cu11-latest

Copyright (c) 2025 NVIDIA Corporation & Affiliates 
All rights reserved.

To run a command as administrator (user `root`), use `sudo <command>`.

=========================
      NVIDIA CUDA-Q      
=========================

Version: cu11-latest

Copyright (c) 2025 NVIDIA Corporation & Affiliates 
All rights reserved.

To run a command as administrator (user `root`), use `sudo <command>`.

=========================
      NVIDIA CUDA-Q      
=========================

Version: cu11-latest

Copyright (c) 2025 NVIDIA Corporation & Affiliates 
All rights reserved.

To run a command as administrator (user `root`), use `sudo <command>`.

=========================
      NVIDIA CUDA-Q      
=========================

Version: cu11-latest

Copyright (c) 2025 NVIDIA Corporation & Affiliates 
All rights reserved.

To run a command as administrator (user `root`), use `sudo <command>`.

=========================
      NVIDIA CUDA-Q      
=========================

Version: cu11-latest

Copyright (c) 2025 NVIDIA Corporation & Affiliates 
All rights reserved.

To run a command as administrator (user `root`), use `sudo <command>`.

=========================
      NVIDIA CUDA-Q      
=========================

Version: cu11-latest

Copyright (c) 2025 NVIDIA Corporation & Affiliates 
All rights reserved.

To run a command as administrator (user `root`), use `sudo <command>`.

=========================
      NVIDIA CUDA-Q      
=========================

Version: cu11-latest

Copyright (c) 2025 NVIDIA Corporation & Affiliates 
All rights reserved.

To run a command as administrator (user `root`), use `sudo <command>`.

current rank 4 total ranks 8
Num element = 134217728
done
current rank 2 total ranks 8
Num element = 134217728
done
current rank 7 total ranks 8
Num element = 134217728
done
current rank 1 total ranks 8
Num element = 134217728
done
current rank 5 total ranks 8
Num element = 134217728
done
current rank 0 total ranks 8
Num element = 134217728
done
current rank 6 total ranks 8
Num element = 134217728
done
current rank 3 total ranks 8
Num element = 134217728
done
